\BOOKMARK [0][]{chapter.1}{\376\377\0001\000\040\000W\000s\000t\001\031\000p}{}% 1
\BOOKMARK [0][]{chapter.2}{\376\377\0002\000\040\000P\000o\000d\000s\000t\000a\000w\000y\000\040\000t\000e\000o\000r\000e\000t\000y\000c\000z\000n\000e}{}% 2
\BOOKMARK [0][]{chapter.3}{\376\377\0003\000\040\000A\000n\000a\000l\000i\000z\000a\000\040\000i\000\040\000p\000o\000r\000\363\000w\000n\000a\000n\000i\000e\000\040\000m\000o\001\174\000l\000i\000w\000y\000c\000h\000\040\000r\000o\000z\000w\000i\001\005\000z\000a\001\104}{}% 3
\BOOKMARK [1][]{section.3.1}{\376\377\0003\000.\0001\000\040\000A\000n\000a\000l\000i\000z\000a\000\040\000p\000r\000o\000b\000l\000e\000m\000u}{chapter.3}% 4
\BOOKMARK [1][]{section.3.2}{\376\377\0003\000.\0002\000\040\000A\000k\000t\000u\000a\000l\000n\000i\000e\000\040\000d\000o\000s\000t\001\031\000p\000n\000e\000\040\000r\000o\000z\000w\000i\001\005\000z\000a\000n\000i\000a}{chapter.3}% 5
\BOOKMARK [2][]{subsection.3.2.1}{\376\377\0003\000.\0002\000.\0001\000\040\000a\000S\000c\000\040\000T\000i\000m\000e\000T\000a\000b\000l\000e\000s}{section.3.2}% 6
\BOOKMARK [2][]{subsection.3.2.2}{\376\377\0003\000.\0002\000.\0002\000\040\000P\000r\000i\000m\000e\000\040\000T\000i\000m\000e\000t\000a\000b\000l\000e}{section.3.2}% 7
\BOOKMARK [2][]{subsection.3.2.3}{\376\377\0003\000.\0002\000.\0003\000\040\000S\000u\000p\000e\000r\000S\000a\000a\000s}{section.3.2}% 8
\BOOKMARK [1][]{section.3.3}{\376\377\0003\000.\0003\000\040\000M\000o\001\174\000l\000i\000w\000e\000\040\000p\000o\000d\000e\000j\001\133\000c\000i\000a}{chapter.3}% 9
\BOOKMARK [0][]{chapter.4}{\376\377\0004\000\040\000P\000r\000z\000y\000g\000o\000t\000o\000w\000a\000n\000i\000e\000\040\000i\000n\000f\000r\000a\000s\000t\000r\000u\000k\000t\000u\000r\000y\000\040\000i\000n\000f\000o\000r\000m\000a\000t\000y\000c\000z\000n\000e\000j}{}% 10
\BOOKMARK [0][]{chapter.5}{\376\377\0005\000\040\000P\000r\000o\000j\000e\000k\000t\000\040\000i\000\040\000i\000m\000p\000l\000e\000m\000e\000n\000t\000a\000c\000j\000a\000\040\000a\000p\000l\000i\000k\000a\000c\000j\000i\000\040\000i\000n\000t\000e\000r\000n\000e\000t\000o\000w\000e\000j\000\040\000w\000\040\000t\000e\000c\000h\000n\000o\000l\000o\000g\000i\000i\000\040\000V\000u\000e\000.\000j\000s}{}% 11
\BOOKMARK [1][]{section.5.1}{\376\377\0005\000.\0001\000\040\000N\000a\000r\000z\001\031\000d\000z\000i\000a\000\040\000i\000\040\000t\000e\000c\000h\000o\000n\000o\000l\000o\000g\000i\000e}{chapter.5}% 12
\BOOKMARK [2][]{subsection.5.1.1}{\376\377\0005\000.\0001\000.\0001\000\040\000N\000o\000d\000e\000.\000j\000s}{section.5.1}% 13
\BOOKMARK [2][]{subsection.5.1.2}{\376\377\0005\000.\0001\000.\0002\000\040\000V\000u\000e\000.\000j\000s}{section.5.1}% 14
\BOOKMARK [2][]{subsection.5.1.3}{\376\377\0005\000.\0001\000.\0003\000\040\000V\000u\000e\000x}{section.5.1}% 15
\BOOKMARK [2][]{subsection.5.1.4}{\376\377\0005\000.\0001\000.\0004\000\040\000J\000e\000s\000t}{section.5.1}% 16
\BOOKMARK [2][]{subsection.5.1.5}{\376\377\0005\000.\0001\000.\0005\000\040\000J\000s\000o\000n\000\040\000W\000e\000b\000\040\000T\000o\000k\000e\000n\000s}{section.5.1}% 17
\BOOKMARK [2][]{subsection.5.1.6}{\376\377\0005\000.\0001\000.\0006\000\040\000P\000o\000s\000t\000m\000a\000n}{section.5.1}% 18
\BOOKMARK [2][]{subsection.5.1.7}{\376\377\0005\000.\0001\000.\0007\000\040\000V\000i\000s\000u\000a\000l\000\040\000S\000t\000u\000d\000i\000o\000\040\000C\000o\000d\000e}{section.5.1}% 19
\BOOKMARK [2][]{subsection.5.1.8}{\376\377\0005\000.\0001\000.\0008\000\040\000A\000x\000i\000o\000s}{section.5.1}% 20
\BOOKMARK [2][]{subsection.5.1.9}{\376\377\0005\000.\0001\000.\0009\000\040\000B\000o\000o\000t\000s\000t\000r\000a\000p}{section.5.1}% 21
\BOOKMARK [1][]{section.5.2}{\376\377\0005\000.\0002\000\040\000W\000i\000d\000o\000k\000i}{chapter.5}% 22
\BOOKMARK [2][]{subsection.5.2.1}{\376\377\0005\000.\0002\000.\0001\000\040\000S\000t\000r\000o\000n\000a\000\040\000g\001\102\000\363\000w\000n\000a}{section.5.2}% 23
\BOOKMARK [2][]{subsection.5.2.2}{\376\377\0005\000.\0002\000.\0002\000\040\000W\000i\000d\000o\000k\000\040\000s\000z\000k\000o\001\102\000y}{section.5.2}% 24
\BOOKMARK [2][]{subsection.5.2.3}{\376\377\0005\000.\0002\000.\0003\000\040\000R\000e\000j\000e\000s\000t\000r\000a\000c\000j\000a}{section.5.2}% 25
\BOOKMARK [2][]{subsection.5.2.4}{\376\377\0005\000.\0002\000.\0004\000\040\000L\000o\000g\000o\000w\000a\000n\000i\000e}{section.5.2}% 26
\BOOKMARK [2][]{subsection.5.2.5}{\376\377\0005\000.\0002\000.\0005\000\040\000A\000n\000k\000i\000e\000t\000a}{section.5.2}% 27
\BOOKMARK [2][]{subsection.5.2.6}{\376\377\0005\000.\0002\000.\0006\000\040\000D\000o\000d\000a\000w\000a\000n\000i\000e\000\040\000p\000r\000z\000e\000d\000m\000i\000o\000t\000\363\000w}{section.5.2}% 28
\BOOKMARK [2][]{subsection.5.2.7}{\376\377\0005\000.\0002\000.\0007\000\040\000D\000o\000d\000a\000w\000a\000n\000i\000e\000\040\000n\000a\000u\000c\000z\000y\000c\000i\000e\000l\000i}{section.5.2}% 29
\BOOKMARK [2][]{subsection.5.2.8}{\376\377\0005\000.\0002\000.\0008\000\040\000D\000o\000d\000a\000w\000a\000n\000i\000e\000\040\000s\000a\000l\000i\000\040\000l\000e\000k\000c\000y\000j\000n\000y\000c\000h}{section.5.2}% 30
\BOOKMARK [2][]{subsection.5.2.9}{\376\377\0005\000.\0002\000.\0009\000\040\000D\000o\000d\000a\000w\000a\000n\000i\000e\000\040\000k\000l\000a\000s}{section.5.2}% 31
\BOOKMARK [2][]{subsection.5.2.10}{\376\377\0005\000.\0002\000.\0001\0000\000\040\000E\000d\000y\000c\000j\000a\000\040\000d\000a\000n\000y\000c\000h}{section.5.2}% 32
\BOOKMARK [0][]{chapter.6}{\376\377\0006\000\040\000P\000r\000o\000j\000e\000k\000t\000\040\000i\000\040\000i\000m\000p\000l\000e\000m\000e\000n\000t\000a\000c\000j\000a\000\040\000s\000t\000r\000o\000n\000y\000\040\000s\000e\000r\000w\000e\000r\000o\000w\000e\000j\000\040\000o\000p\000a\000r\000t\000e\000j\000\040\000n\000a\000\040\000a\000r\000c\000h\000i\000t\000e\000k\000t\000u\000r\000z\000e\000\040\000R\000E\000S\000T\000\040\000w\000\040\000t\000e\000c\000h\000n\000o\000l\000o\000g\000i\000\040\000D\000j\000a\000n\000g\000o}{}% 33
\BOOKMARK [0][]{chapter.7}{\376\377\0007\000\040\000P\000r\000o\000j\000e\000k\000t\000\040\000i\000\040\000i\000m\000p\000l\000e\000m\000e\000n\000t\000a\000c\000j\000a\000\040\000a\000l\000g\000o\000r\000y\000t\000m\000u\000\040\000g\000e\000n\000e\000r\000u\000j\001\005\000c\000e\000g\000o\000\040\000p\000l\000a\000n\000\040\000l\000e\000k\000c\000j\000i}{}% 34
\BOOKMARK [0][]{chapter.8}{\376\377\0008\000\040\000T\000e\000s\000t\000y}{}% 35
\BOOKMARK [0][]{chapter.9}{\376\377\0009\000\040\000W\000n\000i\000o\000s\000k\000i}{}% 36
\BOOKMARK [0][]{chapter.10}{\376\377\0001\0000\000\040\000Z\000a\000k\000o\001\104\000c\000z\000e\000n\000i\000e}{}% 37
\BOOKMARK [0][]{chapter*.7}{\376\377\000L\000i\000t\000e\000r\000a\000t\000u\000r\000a}{}% 38
\BOOKMARK [0][]{appendix.A}{\376\377\000A\000\040\000S\000k\001\102\000a\000d\000a\000n\000i\000e\000\040\000d\000o\000k\000u\000m\000e\000n\000t\000u\000\040\000w\000\040\000s\000y\000s\000t\000e\000m\000i\000e\000\040\000L\000a\000T\000e\000X}{}% 39
\BOOKMARK [1][]{section.A.1}{\376\377\000A\000.\0001\000\040\000S\000t\000r\000u\000k\000t\000u\000r\000a\000\040\000d\000o\000k\000u\000m\000e\000n\000t\000u}{appendix.A}% 40
\BOOKMARK [1][]{section.A.2}{\376\377\000A\000.\0002\000\040\000A\000k\000a\000p\000i\000t\000y\000\040\000i\000\040\000z\000n\000a\000k\000i\000\040\000s\000p\000e\000c\000j\000a\000l\000n\000e}{appendix.A}% 41
\BOOKMARK [1][]{section.A.3}{\376\377\000A\000.\0003\000\040\000W\000y\000p\000u\000n\000k\000t\000o\000w\000a\000n\000i\000a}{appendix.A}% 42
\BOOKMARK [1][]{section.A.4}{\376\377\000A\000.\0004\000\040\000P\000o\000l\000e\000c\000e\000n\000i\000a\000\040\000p\000a\000k\000i\000e\000t\000u\000\040\000p\000p\000f\000c\000m\000t\000h\000e\000s\000i\000s}{appendix.A}% 43
\BOOKMARK [1][]{section.A.5}{\376\377\000A\000.\0005\000\040\000R\000y\000s\000u\000n\000k\000i}{appendix.A}% 44
\BOOKMARK [2][]{subsection.A.5.1}{\376\377\000A\000.\0005\000.\0001\000\040\000T\000a\000b\000l\000i\000c\000e}{section.A.5}% 45
\BOOKMARK [2][]{subsection.A.5.2}{\376\377\000A\000.\0005\000.\0002\000\040\000C\000h\000e\000c\000k\000l\000i\000s\000t\000a}{section.A.5}% 46
\BOOKMARK [1][]{section.A.6}{\376\377\000A\000.\0006\000\040\000L\000i\000t\000e\000r\000a\000t\000u\000r\000a\000\040\000i\000\040\000m\000a\000t\000e\000r\000i\000a\001\102\000y\000\040\000d\000o\000d\000a\000t\000k\000o\000w\000e}{appendix.A}% 47
